Using pre-set license
Built from '2022.3/staging' branch; Version is '2022.3.11f1 (d00248457e15) revision 13632072'; Using compiler version '192829333'; Build Type 'Release'
OS: 'Windows 10  (10.0.19045) 64bit Professional' Language: 'en' Physical Memory: 16281 MB
BatchMode: 1, IsHumanControllingUs: 0, StartBugReporterOnCrash: 0, Is64bit: 1, IsPro: 1

COMMAND LINE ARGUMENTS:
C:\Program Files\Unity\Hub\Editor\2022.3.11f1\Editor\Unity.exe
-adb2
-batchMode
-noUpm
-name
AssetImportWorker11
-projectPath
C:/Users/Jayden/OneDrive/Documents/Torrens/2024/Tri 2/RGP204/A2 and A4 - Snowball/snowball-game
-logFile
Logs/AssetImportWorker11.log
-srvPort
55442
Successfully changed project path to: C:/Users/Jayden/OneDrive/Documents/Torrens/2024/Tri 2/RGP204/A2 and A4 - Snowball/snowball-game
C:/Users/Jayden/OneDrive/Documents/Torrens/2024/Tri 2/RGP204/A2 and A4 - Snowball/snowball-game
[UnityMemory] Configuration Parameters - Can be set up in boot.config
    "memorysetup-bucket-allocator-granularity=16"
    "memorysetup-bucket-allocator-bucket-count=8"
    "memorysetup-bucket-allocator-block-size=33554432"
    "memorysetup-bucket-allocator-block-count=8"
    "memorysetup-main-allocator-block-size=16777216"
    "memorysetup-thread-allocator-block-size=16777216"
    "memorysetup-gfx-main-allocator-block-size=16777216"
    "memorysetup-gfx-thread-allocator-block-size=16777216"
    "memorysetup-cache-allocator-block-size=4194304"
    "memorysetup-typetree-allocator-block-size=2097152"
    "memorysetup-profiler-bucket-allocator-granularity=16"
    "memorysetup-profiler-bucket-allocator-bucket-count=8"
    "memorysetup-profiler-bucket-allocator-block-size=33554432"
    "memorysetup-profiler-bucket-allocator-block-count=8"
    "memorysetup-profiler-allocator-block-size=16777216"
    "memorysetup-profiler-editor-allocator-block-size=1048576"
    "memorysetup-temp-allocator-size-main=16777216"
    "memorysetup-job-temp-allocator-block-size=2097152"
    "memorysetup-job-temp-allocator-block-size-background=1048576"
    "memorysetup-job-temp-allocator-reduction-small-platforms=262144"
    "memorysetup-allocator-temp-initial-block-size-main=262144"
    "memorysetup-allocator-temp-initial-block-size-worker=262144"
    "memorysetup-temp-allocator-size-background-worker=32768"
    "memorysetup-temp-allocator-size-job-worker=262144"
    "memorysetup-temp-allocator-size-preload-manager=33554432"
    "memorysetup-temp-allocator-size-nav-mesh-worker=65536"
    "memorysetup-temp-allocator-size-audio-worker=65536"
    "memorysetup-temp-allocator-size-cloud-worker=32768"
    "memorysetup-temp-allocator-size-gi-baking-worker=262144"
    "memorysetup-temp-allocator-size-gfx=262144"
Player connection [24864] Host "[IP] 10.1.1.26 [Port] 0 [Flags] 2 [Guid] 3667133443 [EditorId] 3667133443 [Version] 1048832 [Id] WindowsEditor(7,DESKTOP-3RRUC8I) [Debug] 1 [PackageName] WindowsEditor [ProjectName] Editor" joined multi-casting on [225.0.0.222:54997]...

Player connection [24864] Host "[IP] 10.1.1.26 [Port] 0 [Flags] 2 [Guid] 3667133443 [EditorId] 3667133443 [Version] 1048832 [Id] WindowsEditor(7,DESKTOP-3RRUC8I) [Debug] 1 [PackageName] WindowsEditor [ProjectName] Editor" joined alternative multi-casting on [225.0.0.222:34997]...

[Physics::Module] Initialized MultithreadedJobDispatcher with 15 workers.
Refreshing native plugins compatible for Editor in 14.34 ms, found 4 plugins.
Preloading 0 native plugins for Editor in 0.00 ms.
Initialize engine version: 2022.3.11f1 (d00248457e15)
[Subsystems] Discovering subsystems at path C:/Program Files/Unity/Hub/Editor/2022.3.11f1/Editor/Data/Resources/UnitySubsystems
[Subsystems] Discovering subsystems at path C:/Users/Jayden/OneDrive/Documents/Torrens/2024/Tri 2/RGP204/A2 and A4 - Snowball/snowball-game/Assets
GfxDevice: creating device client; threaded=0; jobified=0
Direct3D:
    Version:  Direct3D 11.0 [level 11.1]
    Renderer: NVIDIA GeForce GTX 1080 Ti (ID=0x1b06)
    Vendor:   NVIDIA
    VRAM:     11120 MB
    Driver:   31.0.15.3623
Initialize mono
Mono path[0] = 'C:/Program Files/Unity/Hub/Editor/2022.3.11f1/Editor/Data/Managed'
Mono path[1] = 'C:/Program Files/Unity/Hub/Editor/2022.3.11f1/Editor/Data/MonoBleedingEdge/lib/mono/unityjit-win32'
Mono config path = 'C:/Program Files/Unity/Hub/Editor/2022.3.11f1/Editor/Data/MonoBleedingEdge/etc'
Using monoOptions --debugger-agent=transport=dt_socket,embedding=1,server=y,suspend=n,address=127.0.0.1:56620
Begin MonoManager ReloadAssembly
Registering precompiled unity dll's ...
Register platform support module: C:/Program Files/Unity/Hub/Editor/2022.3.11f1/Editor/Data/PlaybackEngines/WindowsStandaloneSupport/UnityEditor.WindowsStandalone.Extensions.dll
Registered in 0.012284 seconds.
- Loaded All Assemblies, in  0.336 seconds
Native extension for WindowsStandalone target not found
Mono: successfully reloaded assembly
- Finished resetting the current domain, in  0.228 seconds
Domain Reload Profiling: 563ms
	BeginReloadAssembly (101ms)
		ExecutionOrderSort (0ms)
		DisableScriptedObjects (0ms)
		BackupInstance (0ms)
		ReleaseScriptingObjects (0ms)
		CreateAndSetChildDomain (1ms)
	RebuildCommonClasses (30ms)
	RebuildNativeTypeToScriptingClass (9ms)
	initialDomainReloadingComplete (62ms)
	LoadAllAssembliesAndSetupDomain (132ms)
		LoadAssemblies (98ms)
		RebuildTransferFunctionScriptingTraits (0ms)
		AnalyzeDomain (130ms)
			TypeCache.Refresh (129ms)
				TypeCache.ScanAssembly (116ms)
			ScanForSourceGeneratedMonoScriptInfo (0ms)
			ResolveRequiredComponents (0ms)
	FinalizeReload (229ms)
		ReleaseScriptCaches (0ms)
		RebuildScriptCaches (0ms)
		SetupLoadedEditorAssemblies (174ms)
			LogAssemblyErrors (0ms)
			InitializePlatformSupportModulesInManaged (9ms)
			SetLoadedEditorAssemblies (7ms)
			RefreshPlugins (0ms)
			BeforeProcessingInitializeOnLoad (2ms)
			ProcessInitializeOnLoadAttributes (113ms)
			ProcessInitializeOnLoadMethodAttributes (43ms)
			AfterProcessingInitializeOnLoad (0ms)
			EditorAssembliesLoaded (0ms)
		ExecutionOrderSort2 (0ms)
		AwakeInstancesAfterBackupRestoration (0ms)
========================================================================
Worker process is ready to serve import requests
Begin MonoManager ReloadAssembly
- Loaded All Assemblies, in  0.759 seconds
Refreshing native plugins compatible for Editor in 5.55 ms, found 4 plugins.
Native extension for WindowsStandalone target not found
Package Manager log level set to [2]
[Package Manager] Server::EnsureServerProcessIsRunning -- launch failed, reason: Unity was launched with the -noUpm command-line argument
[Package Manager] UpmClient::Send -- Unable to send message (not connected to UPM process).
[Package Manager] Cannot connect to Unity Package Manager local server
Mono: successfully reloaded assembly
- Finished resetting the current domain, in  0.712 seconds
Domain Reload Profiling: 1466ms
	BeginReloadAssembly (156ms)
		ExecutionOrderSort (0ms)
		DisableScriptedObjects (5ms)
		BackupInstance (0ms)
		ReleaseScriptingObjects (0ms)
		CreateAndSetChildDomain (26ms)
	RebuildCommonClasses (30ms)
	RebuildNativeTypeToScriptingClass (10ms)
	initialDomainReloadingComplete (47ms)
	LoadAllAssembliesAndSetupDomain (511ms)
		LoadAssemblies (371ms)
		RebuildTransferFunctionScriptingTraits (0ms)
		AnalyzeDomain (232ms)
			TypeCache.Refresh (194ms)
				TypeCache.ScanAssembly (173ms)
			ScanForSourceGeneratedMonoScriptInfo (28ms)
			ResolveRequiredComponents (9ms)
	FinalizeReload (713ms)
		ReleaseScriptCaches (0ms)
		RebuildScriptCaches (0ms)
		SetupLoadedEditorAssemblies (550ms)
			LogAssemblyErrors (0ms)
			InitializePlatformSupportModulesInManaged (6ms)
			SetLoadedEditorAssemblies (5ms)
			RefreshPlugins (0ms)
			BeforeProcessingInitializeOnLoad (89ms)
			ProcessInitializeOnLoadAttributes (357ms)
			ProcessInitializeOnLoadMethodAttributes (85ms)
			AfterProcessingInitializeOnLoad (8ms)
			EditorAssembliesLoaded (0ms)
		ExecutionOrderSort2 (0ms)
		AwakeInstancesAfterBackupRestoration (5ms)
Launched and connected shader compiler UnityShaderCompiler.exe after 0.03 seconds
Refreshing native plugins compatible for Editor in 6.94 ms, found 4 plugins.
Preloading 0 native plugins for Editor in 0.00 ms.
Unloading 6069 Unused Serialized files (Serialized files now loaded: 0)
Unloading 91 unused Assets / (322.9 KB). Loaded Objects now: 6537.
Memory consumption went from 231.5 MB to 231.2 MB.
Total: 3.772300 ms (FindLiveObjects: 0.511600 ms CreateObjectMapping: 0.535800 ms MarkObjects: 2.589300 ms  DeleteObjects: 0.133800 ms)

AssetImportParameters requested are different than current active one (requested -> active):
  custom:container-demuxer-ogg: 62fdf1f143b41e24485cea50d1cbac27 -> 
  custom:video-decoder-ogg-theora: a1e56fd34408186e4bbccfd4996cb3dc -> 
  custom:framework-win-MediaFoundation: 216162199b28c13a410421893ffa2e32 -> 
  custom:CustomObjectIndexerAttribute: a3ef5dd2817f97addfee359851a9dba5 -> 
  custom:container-demuxer-webm: 4f35f7cbe854078d1ac9338744f61a02 -> 
  custom:container-muxer-webm: aa71ff27fc2769a1b78a27578f13a17b -> 
  custom:video-decoder-webm-vp8: 9c59270c3fd7afecdb556c50c9e8de78 -> 
  custom:SearchIndexIgnoredProperties: e643bd26f0fe6173181afceb89e7c659 -> 
  custom:AudioImporter_EditorPlatform: d09bf68614088b80899f8185d706f6e7 -> 
  custom:video-encoder-webm-vp8: eb34c28f22e8b96e1ab97ce403110664 -> 
  custom:audio-decoder-ogg-vorbis: bf7c407c2cedff20999df2af8eb42d56 -> 
  custom:audio-encoder-webm-vorbis: bf7c407c2cedff20999df2af8eb42d56 -> 
========================================================================
Received Import Request.
  Time since last request: 786276.210130 seconds.
  path: Assets/OBJECTS/Snowball Player.prefab
  artifactKey: Guid(a935540946eff564198bf9b59c275e8c) Importer(815301076,1909f56bfc062723c751e8b465ee728b)
Start importing Assets/OBJECTS/Snowball Player.prefab using Guid(a935540946eff564198bf9b59c275e8c) Importer(815301076,1909f56bfc062723c751e8b465ee728b)  -> (artifact id: 'be00f05450d32365e5ad5c7065761bfa') in 0.230964 seconds
Number of updated asset objects reloaded before import = 0
Number of asset objects unloaded after import = 43
========================================================================
Received Import Request.
  Time since last request: 39.870709 seconds.
  path: Assets/OBJECTS/Snowman.prefab
  artifactKey: Guid(c363fbacb9a5c3f4b9aee8ec3a116d32) Importer(815301076,1909f56bfc062723c751e8b465ee728b)
Start importing Assets/OBJECTS/Snowman.prefab using Guid(c363fbacb9a5c3f4b9aee8ec3a116d32) Importer(815301076,1909f56bfc062723c751e8b465ee728b)  -> (artifact id: '76666e7b5a801f97e5d4e349e208e9e0') in 0.011793 seconds
Number of updated asset objects reloaded before import = 0
Number of asset objects unloaded after import = 15
========================================================================
Received Import Request.
  Time since last request: 0.040476 seconds.
  path: Assets/OBJECTS/rock.prefab
  artifactKey: Guid(4802f7d01aa15ef40a1517873386e595) Importer(815301076,1909f56bfc062723c751e8b465ee728b)
Start importing Assets/OBJECTS/rock.prefab using Guid(4802f7d01aa15ef40a1517873386e595) Importer(815301076,1909f56bfc062723c751e8b465ee728b)  -> (artifact id: '8c0a10bbb7a59b4d0544b8c8ef72d91a') in 0.010793 seconds
Number of updated asset objects reloaded before import = 0
Number of asset objects unloaded after import = 15
========================================================================
Received Import Request.
  Time since last request: 0.000022 seconds.
  path: Assets/OBJECTS/Snow Pile Small.prefab
  artifactKey: Guid(7f4ef89a5afc483458feba9693eb6e37) Importer(815301076,1909f56bfc062723c751e8b465ee728b)
Start importing Assets/OBJECTS/Snow Pile Small.prefab using Guid(7f4ef89a5afc483458feba9693eb6e37) Importer(815301076,1909f56bfc062723c751e8b465ee728b)  -> (artifact id: 'c7e3bd4ba93872e42b75beb7424058e8') in 0.008112 seconds
Number of updated asset objects reloaded before import = 0
Number of asset objects unloaded after import = 15
========================================================================
Received Import Request.
  Time since last request: 0.000030 seconds.
  path: Assets/OBJECTS/Tree Large.prefab
  artifactKey: Guid(542ef0fc1195f2e459b8b354e121f045) Importer(815301076,1909f56bfc062723c751e8b465ee728b)
Start importing Assets/OBJECTS/Tree Large.prefab using Guid(542ef0fc1195f2e459b8b354e121f045) Importer(815301076,1909f56bfc062723c751e8b465ee728b)  -> (artifact id: '897fb42bf5becb22306b88fbd0f86fa0') in 0.007116 seconds
Number of updated asset objects reloaded before import = 0
Number of asset objects unloaded after import = 15
========================================================================
Received Import Request.
  Time since last request: 0.000027 seconds.
  path: Assets/OBJECTS/squirrel.prefab
  artifactKey: Guid(0f186d00127603a42a7370df7c0cf935) Importer(815301076,1909f56bfc062723c751e8b465ee728b)
Start importing Assets/OBJECTS/squirrel.prefab using Guid(0f186d00127603a42a7370df7c0cf935) Importer(815301076,1909f56bfc062723c751e8b465ee728b)  -> (artifact id: 'a3f5eaa0772dcfd35b217c3b5f602e37') in 0.007674 seconds
Number of updated asset objects reloaded before import = 0
Number of asset objects unloaded after import = 23
========================================================================
Received Import Request.
  Time since last request: 0.000016 seconds.
  path: Assets/OBJECTS/Tree Small.prefab
  artifactKey: Guid(dd70e81891e17d54c8d05827d1db3bd1) Importer(815301076,1909f56bfc062723c751e8b465ee728b)
Start importing Assets/OBJECTS/Tree Small.prefab using Guid(dd70e81891e17d54c8d05827d1db3bd1) Importer(815301076,1909f56bfc062723c751e8b465ee728b)  -> (artifact id: 'd89b9be694350f3885eb8aeeaee78f8d') in 0.006974 seconds
Number of updated asset objects reloaded before import = 0
Number of asset objects unloaded after import = 15
========================================================================
Received Import Request.
  Time since last request: 0.000021 seconds.
  path: Assets/OBJECTS/Tree.prefab
  artifactKey: Guid(47fa344e4f8580e459e709a15b1c15bb) Importer(815301076,1909f56bfc062723c751e8b465ee728b)
Start importing Assets/OBJECTS/Tree.prefab using Guid(47fa344e4f8580e459e709a15b1c15bb) Importer(815301076,1909f56bfc062723c751e8b465ee728b)  -> (artifact id: 'f5d523c679db7b0da76460bfbd838d09') in 0.014034 seconds
Number of updated asset objects reloaded before import = 0
Number of asset objects unloaded after import = 15
========================================================================
Received Import Request.
  Time since last request: 4.358333 seconds.
  path: Assets/OBJECTS/rock.prefab
  artifactKey: Guid(4802f7d01aa15ef40a1517873386e595) Importer(815301076,1909f56bfc062723c751e8b465ee728b)
Start importing Assets/OBJECTS/rock.prefab using Guid(4802f7d01aa15ef40a1517873386e595) Importer(815301076,1909f56bfc062723c751e8b465ee728b)  -> (artifact id: '808d5ad966fcdbacef5eb1df9fdecc84') in 0.008977 seconds
Number of updated asset objects reloaded before import = 0
Number of asset objects unloaded after import = 15
========================================================================
Received Import Request.
  Time since last request: 0.000020 seconds.
  path: Assets/OBJECTS/Snowman.prefab
  artifactKey: Guid(c363fbacb9a5c3f4b9aee8ec3a116d32) Importer(815301076,1909f56bfc062723c751e8b465ee728b)
Start importing Assets/OBJECTS/Snowman.prefab using Guid(c363fbacb9a5c3f4b9aee8ec3a116d32) Importer(815301076,1909f56bfc062723c751e8b465ee728b)  -> (artifact id: '4ceb638a9c413add7da2d5fd18ba1c06') in 0.016488 seconds
Number of updated asset objects reloaded before import = 0
Number of asset objects unloaded after import = 15
========================================================================
Received Import Request.
  Time since last request: 21.950583 seconds.
  path: Assets/OBJECTS/rock.prefab
  artifactKey: Guid(4802f7d01aa15ef40a1517873386e595) Importer(815301076,1909f56bfc062723c751e8b465ee728b)
Start importing Assets/OBJECTS/rock.prefab using Guid(4802f7d01aa15ef40a1517873386e595) Importer(815301076,1909f56bfc062723c751e8b465ee728b)  -> (artifact id: 'a9593b5a7c78b40c1bbe5f8f4e87581f') in 0.006654 seconds
Number of updated asset objects reloaded before import = 0
Number of asset objects unloaded after import = 15
========================================================================
Received Import Request.
  Time since last request: 5.588137 seconds.
  path: Assets/OBJECTS/rock.prefab
  artifactKey: Guid(4802f7d01aa15ef40a1517873386e595) Importer(815301076,1909f56bfc062723c751e8b465ee728b)
Start importing Assets/OBJECTS/rock.prefab using Guid(4802f7d01aa15ef40a1517873386e595) Importer(815301076,1909f56bfc062723c751e8b465ee728b)  -> (artifact id: '042acafdb3f4705ffa6a0103fea4f77a') in 0.006346 seconds
Number of updated asset objects reloaded before import = 0
Number of asset objects unloaded after import = 15
========================================================================
Received Import Request.
  Time since last request: 12.407060 seconds.
  path: Assets/OBJECTS/rock.prefab
  artifactKey: Guid(4802f7d01aa15ef40a1517873386e595) Importer(815301076,1909f56bfc062723c751e8b465ee728b)
Start importing Assets/OBJECTS/rock.prefab using Guid(4802f7d01aa15ef40a1517873386e595) Importer(815301076,1909f56bfc062723c751e8b465ee728b)  -> (artifact id: 'eecebc9556b89e9b8565e836788fdcb1') in 0.007060 seconds
Number of updated asset objects reloaded before import = 0
Number of asset objects unloaded after import = 15
========================================================================
Received Import Request.
  Time since last request: 55.020198 seconds.
  path: Assets/TextMesh Pro/Resources/Style Sheets/Default Style Sheet.asset
  artifactKey: Guid(f952c082cb03451daed3ee968ac6c63e) Importer(815301076,1909f56bfc062723c751e8b465ee728b)
Start importing Assets/TextMesh Pro/Resources/Style Sheets/Default Style Sheet.asset using Guid(f952c082cb03451daed3ee968ac6c63e) Importer(815301076,1909f56bfc062723c751e8b465ee728b)  -> (artifact id: '334689359473777b38abe79230328130') in 0.006751 seconds
Number of updated asset objects reloaded before import = 0
Number of asset objects unloaded after import = 1
========================================================================
Received Import Request.
  Time since last request: 7.749239 seconds.
  path: Assets/OBJECTS/Rock Large.prefab
  artifactKey: Guid(94c8facaed800da4c98a50be83be2e8f) Importer(815301076,1909f56bfc062723c751e8b465ee728b)
Start importing Assets/OBJECTS/Rock Large.prefab using Guid(94c8facaed800da4c98a50be83be2e8f) Importer(815301076,1909f56bfc062723c751e8b465ee728b)  -> (artifact id: '21d091c15028f672172055a9130c0085') in 0.006337 seconds
Number of updated asset objects reloaded before import = 0
Number of asset objects unloaded after import = 15
========================================================================
Received Import Request.
  Time since last request: 11.139916 seconds.
  path: Assets/OBJECTS/Snow Pile.prefab
  artifactKey: Guid(e2e32aa2dcd151c409984b3f0890c8d0) Importer(815301076,1909f56bfc062723c751e8b465ee728b)
Start importing Assets/OBJECTS/Snow Pile.prefab using Guid(e2e32aa2dcd151c409984b3f0890c8d0) Importer(815301076,1909f56bfc062723c751e8b465ee728b)  -> (artifact id: '1e6fbcf5a7f2c7b1e6e7350c80ab8ca7') in 0.009523 seconds
Number of updated asset objects reloaded before import = 0
Number of asset objects unloaded after import = 27
========================================================================
Received Import Request.
  Time since last request: 0.000028 seconds.
  path: Assets/OBJECTS/Snowman.prefab
  artifactKey: Guid(c363fbacb9a5c3f4b9aee8ec3a116d32) Importer(815301076,1909f56bfc062723c751e8b465ee728b)
Start importing Assets/OBJECTS/Snowman.prefab using Guid(c363fbacb9a5c3f4b9aee8ec3a116d32) Importer(815301076,1909f56bfc062723c751e8b465ee728b)  -> (artifact id: '7470f207d6465bbed09a184e53e3c900') in 0.012598 seconds
Number of updated asset objects reloaded before import = 0
Number of asset objects unloaded after import = 15
========================================================================
Received Import Request.
  Time since last request: 0.000042 seconds.
  path: Assets/OBJECTS/Tree Large.prefab
  artifactKey: Guid(542ef0fc1195f2e459b8b354e121f045) Importer(815301076,1909f56bfc062723c751e8b465ee728b)
Start importing Assets/OBJECTS/Tree Large.prefab using Guid(542ef0fc1195f2e459b8b354e121f045) Importer(815301076,1909f56bfc062723c751e8b465ee728b)  -> (artifact id: '41663a65ba09d021c8a8bc4cf4cbe479') in 0.007535 seconds
Number of updated asset objects reloaded before import = 0
Number of asset objects unloaded after import = 27
========================================================================
Received Import Request.
  Time since last request: 0.000015 seconds.
  path: Assets/OBJECTS/squirrel.prefab
  artifactKey: Guid(0f186d00127603a42a7370df7c0cf935) Importer(815301076,1909f56bfc062723c751e8b465ee728b)
Start importing Assets/OBJECTS/squirrel.prefab using Guid(0f186d00127603a42a7370df7c0cf935) Importer(815301076,1909f56bfc062723c751e8b465ee728b)  -> (artifact id: '987e5eb6203613c71382beaaa0da24d2') in 0.008285 seconds
Number of updated asset objects reloaded before import = 0
Number of asset objects unloaded after import = 36
========================================================================
Received Import Request.
  Time since last request: 0.000015 seconds.
  path: Assets/OBJECTS/Tree Small.prefab
  artifactKey: Guid(dd70e81891e17d54c8d05827d1db3bd1) Importer(815301076,1909f56bfc062723c751e8b465ee728b)
Start importing Assets/OBJECTS/Tree Small.prefab using Guid(dd70e81891e17d54c8d05827d1db3bd1) Importer(815301076,1909f56bfc062723c751e8b465ee728b)  -> (artifact id: '3f3948c79bdbaaab1772352b1e9fa809') in 0.006866 seconds
Number of updated asset objects reloaded before import = 0
Number of asset objects unloaded after import = 27
========================================================================
Received Import Request.
  Time since last request: 0.000019 seconds.
  path: Assets/OBJECTS/Tree.prefab
  artifactKey: Guid(47fa344e4f8580e459e709a15b1c15bb) Importer(815301076,1909f56bfc062723c751e8b465ee728b)
Start importing Assets/OBJECTS/Tree.prefab using Guid(47fa344e4f8580e459e709a15b1c15bb) Importer(815301076,1909f56bfc062723c751e8b465ee728b)  -> (artifact id: '619e355cb18a1bfd6592969d140b9064') in 0.012913 seconds
Number of updated asset objects reloaded before import = 0
Number of asset objects unloaded after import = 27
========================================================================
Received Import Request.
  Time since last request: 5.024300 seconds.
  path: Assets/OBJECTS/Snow Pile Small.prefab
  artifactKey: Guid(7f4ef89a5afc483458feba9693eb6e37) Importer(815301076,1909f56bfc062723c751e8b465ee728b)
Start importing Assets/OBJECTS/Snow Pile Small.prefab using Guid(7f4ef89a5afc483458feba9693eb6e37) Importer(815301076,1909f56bfc062723c751e8b465ee728b)  -> (artifact id: 'dc742af1f36e6d9fbb8e9ad6afbdc63b') in 0.008668 seconds
Number of updated asset objects reloaded before import = 0
Number of asset objects unloaded after import = 27
========================================================================
Received Import Request.
  Time since last request: 0.000019 seconds.
  path: Assets/OBJECTS/Tree Large.prefab
  artifactKey: Guid(542ef0fc1195f2e459b8b354e121f045) Importer(815301076,1909f56bfc062723c751e8b465ee728b)
Start importing Assets/OBJECTS/Tree Large.prefab using Guid(542ef0fc1195f2e459b8b354e121f045) Importer(815301076,1909f56bfc062723c751e8b465ee728b)  -> (artifact id: '7b9b58c9c8ba67bcdacaf770e64edc2b') in 0.007256 seconds
Number of updated asset objects reloaded before import = 0
Number of asset objects unloaded after import = 27
========================================================================
Received Import Request.
  Time since last request: 0.000028 seconds.
  path: Assets/OBJECTS/Tree.prefab
  artifactKey: Guid(47fa344e4f8580e459e709a15b1c15bb) Importer(815301076,1909f56bfc062723c751e8b465ee728b)
Start importing Assets/OBJECTS/Tree.prefab using Guid(47fa344e4f8580e459e709a15b1c15bb) Importer(815301076,1909f56bfc062723c751e8b465ee728b)  -> (artifact id: 'de06e85cb86e24afde0627f464a9cd21') in 0.007430 seconds
Number of updated asset objects reloaded before import = 0
Number of asset objects unloaded after import = 27
Editor requested this worker to shutdown with reason: Scaling down because of idle timeout
TcpMessagingSession - receive error: operation aborted. errorcode: 995, details: The I/O operation has been aborted because of either a thread exit or an application request.
AssetImportWorker is now disconnected from the server
Process exiting
Exiting without the bug reporter. Application will terminate with return code 0