Using pre-set license
Built from '2022.3/staging' branch; Version is '2022.3.11f1 (d00248457e15) revision 13632072'; Using compiler version '192829333'; Build Type 'Release'
OS: 'Windows 10  (10.0.19045) 64bit Professional' Language: 'en' Physical Memory: 16281 MB
BatchMode: 1, IsHumanControllingUs: 0, StartBugReporterOnCrash: 0, Is64bit: 1, IsPro: 1

COMMAND LINE ARGUMENTS:
C:\Program Files\Unity\Hub\Editor\2022.3.11f1\Editor\Unity.exe
-adb2
-batchMode
-noUpm
-name
AssetImportWorker14
-projectPath
C:/Users/Jayden/OneDrive/Documents/Torrens/2024/Tri 2/RGP204/A2 - Helicopter/helicopter123
-logFile
Logs/AssetImportWorker14.log
-srvPort
55411
Successfully changed project path to: C:/Users/Jayden/OneDrive/Documents/Torrens/2024/Tri 2/RGP204/A2 - Helicopter/helicopter123
C:/Users/Jayden/OneDrive/Documents/Torrens/2024/Tri 2/RGP204/A2 - Helicopter/helicopter123
[UnityMemory] Configuration Parameters - Can be set up in boot.config
    "memorysetup-bucket-allocator-granularity=16"
    "memorysetup-bucket-allocator-bucket-count=8"
    "memorysetup-bucket-allocator-block-size=33554432"
    "memorysetup-bucket-allocator-block-count=8"
    "memorysetup-main-allocator-block-size=16777216"
    "memorysetup-thread-allocator-block-size=16777216"
    "memorysetup-gfx-main-allocator-block-size=16777216"
    "memorysetup-gfx-thread-allocator-block-size=16777216"
    "memorysetup-cache-allocator-block-size=4194304"
    "memorysetup-typetree-allocator-block-size=2097152"
    "memorysetup-profiler-bucket-allocator-granularity=16"
    "memorysetup-profiler-bucket-allocator-bucket-count=8"
    "memorysetup-profiler-bucket-allocator-block-size=33554432"
    "memorysetup-profiler-bucket-allocator-block-count=8"
    "memorysetup-profiler-allocator-block-size=16777216"
    "memorysetup-profiler-editor-allocator-block-size=1048576"
    "memorysetup-temp-allocator-size-main=16777216"
    "memorysetup-job-temp-allocator-block-size=2097152"
    "memorysetup-job-temp-allocator-block-size-background=1048576"
    "memorysetup-job-temp-allocator-reduction-small-platforms=262144"
    "memorysetup-allocator-temp-initial-block-size-main=262144"
    "memorysetup-allocator-temp-initial-block-size-worker=262144"
    "memorysetup-temp-allocator-size-background-worker=32768"
    "memorysetup-temp-allocator-size-job-worker=262144"
    "memorysetup-temp-allocator-size-preload-manager=33554432"
    "memorysetup-temp-allocator-size-nav-mesh-worker=65536"
    "memorysetup-temp-allocator-size-audio-worker=65536"
    "memorysetup-temp-allocator-size-cloud-worker=32768"
    "memorysetup-temp-allocator-size-gi-baking-worker=262144"
    "memorysetup-temp-allocator-size-gfx=262144"
Player connection [24524] Host "[IP] 10.1.1.26 [Port] 0 [Flags] 2 [Guid] 2551676690 [EditorId] 2551676690 [Version] 1048832 [Id] WindowsEditor(7,DESKTOP-3RRUC8I) [Debug] 1 [PackageName] WindowsEditor [ProjectName] Editor" joined multi-casting on [225.0.0.222:54997]...

Player connection [24524] Host "[IP] 10.1.1.26 [Port] 0 [Flags] 2 [Guid] 2551676690 [EditorId] 2551676690 [Version] 1048832 [Id] WindowsEditor(7,DESKTOP-3RRUC8I) [Debug] 1 [PackageName] WindowsEditor [ProjectName] Editor" joined alternative multi-casting on [225.0.0.222:34997]...

[Physics::Module] Initialized MultithreadedJobDispatcher with 15 workers.
Refreshing native plugins compatible for Editor in 13.20 ms, found 4 plugins.
Preloading 0 native plugins for Editor in 0.00 ms.
Initialize engine version: 2022.3.11f1 (d00248457e15)
[Subsystems] Discovering subsystems at path C:/Program Files/Unity/Hub/Editor/2022.3.11f1/Editor/Data/Resources/UnitySubsystems
[Subsystems] Discovering subsystems at path C:/Users/Jayden/OneDrive/Documents/Torrens/2024/Tri 2/RGP204/A2 - Helicopter/helicopter123/Assets
GfxDevice: creating device client; threaded=0; jobified=0
Direct3D:
    Version:  Direct3D 11.0 [level 11.1]
    Renderer: NVIDIA GeForce GTX 1080 Ti (ID=0x1b06)
    Vendor:   NVIDIA
    VRAM:     11120 MB
    Driver:   31.0.15.3623
Initialize mono
Mono path[0] = 'C:/Program Files/Unity/Hub/Editor/2022.3.11f1/Editor/Data/Managed'
Mono path[1] = 'C:/Program Files/Unity/Hub/Editor/2022.3.11f1/Editor/Data/MonoBleedingEdge/lib/mono/unityjit-win32'
Mono config path = 'C:/Program Files/Unity/Hub/Editor/2022.3.11f1/Editor/Data/MonoBleedingEdge/etc'
Using monoOptions --debugger-agent=transport=dt_socket,embedding=1,server=y,suspend=n,address=127.0.0.1:56756
Begin MonoManager ReloadAssembly
Registering precompiled unity dll's ...
Register platform support module: C:/Program Files/Unity/Hub/Editor/2022.3.11f1/Editor/Data/PlaybackEngines/WindowsStandaloneSupport/UnityEditor.WindowsStandalone.Extensions.dll
Registered in 0.009971 seconds.
- Loaded All Assemblies, in  0.334 seconds
Native extension for WindowsStandalone target not found
Mono: successfully reloaded assembly
- Finished resetting the current domain, in  0.234 seconds
Domain Reload Profiling: 565ms
	BeginReloadAssembly (96ms)
		ExecutionOrderSort (0ms)
		DisableScriptedObjects (0ms)
		BackupInstance (0ms)
		ReleaseScriptingObjects (0ms)
		CreateAndSetChildDomain (1ms)
	RebuildCommonClasses (38ms)
	RebuildNativeTypeToScriptingClass (10ms)
	initialDomainReloadingComplete (58ms)
	LoadAllAssembliesAndSetupDomain (128ms)
		LoadAssemblies (94ms)
		RebuildTransferFunctionScriptingTraits (0ms)
		AnalyzeDomain (126ms)
			TypeCache.Refresh (125ms)
				TypeCache.ScanAssembly (112ms)
			ScanForSourceGeneratedMonoScriptInfo (0ms)
			ResolveRequiredComponents (0ms)
	FinalizeReload (235ms)
		ReleaseScriptCaches (0ms)
		RebuildScriptCaches (0ms)
		SetupLoadedEditorAssemblies (181ms)
			LogAssemblyErrors (0ms)
			InitializePlatformSupportModulesInManaged (8ms)
			SetLoadedEditorAssemblies (7ms)
			RefreshPlugins (0ms)
			BeforeProcessingInitializeOnLoad (2ms)
			ProcessInitializeOnLoadAttributes (118ms)
			ProcessInitializeOnLoadMethodAttributes (46ms)
			AfterProcessingInitializeOnLoad (0ms)
			EditorAssembliesLoaded (0ms)
		ExecutionOrderSort2 (0ms)
		AwakeInstancesAfterBackupRestoration (0ms)
========================================================================
Worker process is ready to serve import requests
Begin MonoManager ReloadAssembly
- Loaded All Assemblies, in  0.682 seconds
Refreshing native plugins compatible for Editor in 5.08 ms, found 4 plugins.
Native extension for WindowsStandalone target not found
Package Manager log level set to [2]
[Package Manager] Server::EnsureServerProcessIsRunning -- launch failed, reason: Unity was launched with the -noUpm command-line argument
[Package Manager] UpmClient::Send -- Unable to send message (not connected to UPM process).
[Package Manager] Cannot connect to Unity Package Manager local server
Mono: successfully reloaded assembly
- Finished resetting the current domain, in  0.676 seconds
Domain Reload Profiling: 1353ms
	BeginReloadAssembly (143ms)
		ExecutionOrderSort (0ms)
		DisableScriptedObjects (5ms)
		BackupInstance (0ms)
		ReleaseScriptingObjects (0ms)
		CreateAndSetChildDomain (19ms)
	RebuildCommonClasses (36ms)
	RebuildNativeTypeToScriptingClass (9ms)
	initialDomainReloadingComplete (39ms)
	LoadAllAssembliesAndSetupDomain (449ms)
		LoadAssemblies (324ms)
		RebuildTransferFunctionScriptingTraits (0ms)
		AnalyzeDomain (212ms)
			TypeCache.Refresh (170ms)
				TypeCache.ScanAssembly (155ms)
			ScanForSourceGeneratedMonoScriptInfo (32ms)
			ResolveRequiredComponents (9ms)
	FinalizeReload (677ms)
		ReleaseScriptCaches (0ms)
		RebuildScriptCaches (0ms)
		SetupLoadedEditorAssemblies (523ms)
			LogAssemblyErrors (0ms)
			InitializePlatformSupportModulesInManaged (6ms)
			SetLoadedEditorAssemblies (4ms)
			RefreshPlugins (0ms)
			BeforeProcessingInitializeOnLoad (85ms)
			ProcessInitializeOnLoadAttributes (348ms)
			ProcessInitializeOnLoadMethodAttributes (71ms)
			AfterProcessingInitializeOnLoad (8ms)
			EditorAssembliesLoaded (0ms)
		ExecutionOrderSort2 (0ms)
		AwakeInstancesAfterBackupRestoration (5ms)
Launched and connected shader compiler UnityShaderCompiler.exe after 0.03 seconds
Refreshing native plugins compatible for Editor in 5.23 ms, found 4 plugins.
Preloading 0 native plugins for Editor in 0.00 ms.
Unloading 6066 Unused Serialized files (Serialized files now loaded: 0)
Unloading 91 unused Assets / (322.9 KB). Loaded Objects now: 6533.
Memory consumption went from 231.3 MB to 231.0 MB.
Total: 3.422400 ms (FindLiveObjects: 0.473000 ms CreateObjectMapping: 0.476100 ms MarkObjects: 2.350700 ms  DeleteObjects: 0.121900 ms)

AssetImportParameters requested are different than current active one (requested -> active):
  custom:container-demuxer-ogg: 62fdf1f143b41e24485cea50d1cbac27 -> 
  custom:video-decoder-ogg-theora: a1e56fd34408186e4bbccfd4996cb3dc -> 
  custom:framework-win-MediaFoundation: 216162199b28c13a410421893ffa2e32 -> 
  custom:CustomObjectIndexerAttribute: a3ef5dd2817f97addfee359851a9dba5 -> 
  custom:container-demuxer-webm: 4f35f7cbe854078d1ac9338744f61a02 -> 
  custom:container-muxer-webm: aa71ff27fc2769a1b78a27578f13a17b -> 
  custom:video-decoder-webm-vp8: 9c59270c3fd7afecdb556c50c9e8de78 -> 
  custom:SearchIndexIgnoredProperties: e643bd26f0fe6173181afceb89e7c659 -> 
  custom:AudioImporter_EditorPlatform: d09bf68614088b80899f8185d706f6e7 -> 
  custom:video-encoder-webm-vp8: eb34c28f22e8b96e1ab97ce403110664 -> 
  custom:audio-decoder-ogg-vorbis: bf7c407c2cedff20999df2af8eb42d56 -> 
  custom:audio-encoder-webm-vorbis: bf7c407c2cedff20999df2af8eb42d56 -> 
  custom:scripting/monoscript/fileName/FuelSpawning.cs: 80664c0358a220083fb0e270caf4edaf -> 
========================================================================
Received Import Request.
  Time since last request: 416468.697363 seconds.
  path: Assets/OBJECTS/Snow Patch Large.prefab
  artifactKey: Guid(eb0116b4c6127a14da9b9805d4880eb2) Importer(815301076,1909f56bfc062723c751e8b465ee728b)
Start importing Assets/OBJECTS/Snow Patch Large.prefab using Guid(eb0116b4c6127a14da9b9805d4880eb2) Importer(815301076,1909f56bfc062723c751e8b465ee728b)  -> (artifact id: 'b706f5b391665d728bb934287bf7a4ec') in 0.231594 seconds
Number of updated asset objects reloaded before import = 0
Number of asset objects unloaded after import = 13
========================================================================
Received Import Request.
  Time since last request: 149.477239 seconds.
  path: Assets/OBJECTS/Snow Pile Small.prefab
  artifactKey: Guid(7f4ef89a5afc483458feba9693eb6e37) Importer(815301076,1909f56bfc062723c751e8b465ee728b)
Start importing Assets/OBJECTS/Snow Pile Small.prefab using Guid(7f4ef89a5afc483458feba9693eb6e37) Importer(815301076,1909f56bfc062723c751e8b465ee728b)  -> (artifact id: '7d7972097722d3f59e92e795e19c42d0') in 0.012083 seconds
Number of updated asset objects reloaded before import = 0
Number of asset objects unloaded after import = 14
========================================================================
Received Import Request.
  Time since last request: 2.911253 seconds.
  path: Assets/OBJECTS/Snow Pile Small.prefab
  artifactKey: Guid(7f4ef89a5afc483458feba9693eb6e37) Importer(815301076,1909f56bfc062723c751e8b465ee728b)
Start importing Assets/OBJECTS/Snow Pile Small.prefab using Guid(7f4ef89a5afc483458feba9693eb6e37) Importer(815301076,1909f56bfc062723c751e8b465ee728b)  -> (artifact id: '0f258d70b53d51851f76f7cc8207f350') in 0.006416 seconds
Number of updated asset objects reloaded before import = 0
Number of asset objects unloaded after import = 14
========================================================================
Received Import Request.
  Time since last request: 0.694035 seconds.
  path: Assets/OBJECTS/Snow Pile Small.prefab
  artifactKey: Guid(7f4ef89a5afc483458feba9693eb6e37) Importer(815301076,1909f56bfc062723c751e8b465ee728b)
Start importing Assets/OBJECTS/Snow Pile Small.prefab using Guid(7f4ef89a5afc483458feba9693eb6e37) Importer(815301076,1909f56bfc062723c751e8b465ee728b)  -> (artifact id: '99bf839777ecf4dedd6e2d995d765613') in 0.006697 seconds
Number of updated asset objects reloaded before import = 0
Number of asset objects unloaded after import = 14
========================================================================
Received Import Request.
  Time since last request: 4.928979 seconds.
  path: Assets/OBJECTS/Snow Pile Small.prefab
  artifactKey: Guid(7f4ef89a5afc483458feba9693eb6e37) Importer(815301076,1909f56bfc062723c751e8b465ee728b)
Start importing Assets/OBJECTS/Snow Pile Small.prefab using Guid(7f4ef89a5afc483458feba9693eb6e37) Importer(815301076,1909f56bfc062723c751e8b465ee728b)  -> (artifact id: '03d7359575430980e5ec792d99ae05b9') in 0.006206 seconds
Number of updated asset objects reloaded before import = 0
Number of asset objects unloaded after import = 14
========================================================================
Received Import Request.
  Time since last request: 11.189286 seconds.
  path: Assets/OBJECTS/Rock Large.prefab
  artifactKey: Guid(94c8facaed800da4c98a50be83be2e8f) Importer(815301076,1909f56bfc062723c751e8b465ee728b)
Start importing Assets/OBJECTS/Rock Large.prefab using Guid(94c8facaed800da4c98a50be83be2e8f) Importer(815301076,1909f56bfc062723c751e8b465ee728b)  -> (artifact id: 'e528161c2e5316ebf4b467eb840ef482') in 0.006012 seconds
Number of updated asset objects reloaded before import = 0
Number of asset objects unloaded after import = 14
========================================================================
Received Import Request.
  Time since last request: 2.923604 seconds.
  path: Assets/OBJECTS/Rock Large.prefab
  artifactKey: Guid(94c8facaed800da4c98a50be83be2e8f) Importer(815301076,1909f56bfc062723c751e8b465ee728b)
Start importing Assets/OBJECTS/Rock Large.prefab using Guid(94c8facaed800da4c98a50be83be2e8f) Importer(815301076,1909f56bfc062723c751e8b465ee728b)  -> (artifact id: '7ec88e8bdb7f73192dd89482a764237f') in 0.006190 seconds
Number of updated asset objects reloaded before import = 0
Number of asset objects unloaded after import = 14
========================================================================
Received Import Request.
  Time since last request: 14.300639 seconds.
  path: Assets/OBJECTS/Dirt Patch Large.prefab
  artifactKey: Guid(c1770e42640ee434dae7b40f5dbcf8a5) Importer(815301076,1909f56bfc062723c751e8b465ee728b)
Start importing Assets/OBJECTS/Dirt Patch Large.prefab using Guid(c1770e42640ee434dae7b40f5dbcf8a5) Importer(815301076,1909f56bfc062723c751e8b465ee728b)  -> (artifact id: 'c97f57b54c3cea1f5a078c086cfda228') in 0.006225 seconds
Number of updated asset objects reloaded before import = 0
Number of asset objects unloaded after import = 13
========================================================================
Received Import Request.
  Time since last request: 0.000017 seconds.
  path: Assets/OBJECTS/Snowman.prefab
  artifactKey: Guid(c363fbacb9a5c3f4b9aee8ec3a116d32) Importer(815301076,1909f56bfc062723c751e8b465ee728b)
Start importing Assets/OBJECTS/Snowman.prefab using Guid(c363fbacb9a5c3f4b9aee8ec3a116d32) Importer(815301076,1909f56bfc062723c751e8b465ee728b)  -> (artifact id: 'effee134630dd548ae3a0e0b70ca4a85') in 0.007607 seconds
Number of updated asset objects reloaded before import = 0
Number of asset objects unloaded after import = 34
========================================================================
Received Import Request.
  Time since last request: 0.500037 seconds.
  path: Assets/OBJECTS/Dirt Patch Large.prefab
  artifactKey: Guid(c1770e42640ee434dae7b40f5dbcf8a5) Importer(815301076,1909f56bfc062723c751e8b465ee728b)
Start importing Assets/OBJECTS/Dirt Patch Large.prefab using Guid(c1770e42640ee434dae7b40f5dbcf8a5) Importer(815301076,1909f56bfc062723c751e8b465ee728b)  -> (artifact id: '23e73148c8bc913ec9f047248d1b344c') in 0.006389 seconds
Number of updated asset objects reloaded before import = 0
Number of asset objects unloaded after import = 13
========================================================================
Received Import Request.
  Time since last request: 0.000013 seconds.
  path: Assets/OBJECTS/Dirt Patch Small.prefab
  artifactKey: Guid(967d85ebca3e12c4999b1efbf5989e76) Importer(815301076,1909f56bfc062723c751e8b465ee728b)
Start importing Assets/OBJECTS/Dirt Patch Small.prefab using Guid(967d85ebca3e12c4999b1efbf5989e76) Importer(815301076,1909f56bfc062723c751e8b465ee728b)  -> (artifact id: 'f867d4c6414d716050b500632d25edb4') in 0.006354 seconds
Number of updated asset objects reloaded before import = 0
Number of asset objects unloaded after import = 13
========================================================================
Received Import Request.
  Time since last request: 1.709039 seconds.
  path: Assets/OBJECTS/Dirt Patch Large.prefab
  artifactKey: Guid(c1770e42640ee434dae7b40f5dbcf8a5) Importer(815301076,1909f56bfc062723c751e8b465ee728b)
Start importing Assets/OBJECTS/Dirt Patch Large.prefab using Guid(c1770e42640ee434dae7b40f5dbcf8a5) Importer(815301076,1909f56bfc062723c751e8b465ee728b)  -> (artifact id: 'b0aab4c4cc7abef5d2d24d07a2a9fd86') in 0.006021 seconds
Number of updated asset objects reloaded before import = 0
Number of asset objects unloaded after import = 13
========================================================================
Received Import Request.
  Time since last request: 0.000025 seconds.
  path: Assets/OBJECTS/Snowman.prefab
  artifactKey: Guid(c363fbacb9a5c3f4b9aee8ec3a116d32) Importer(815301076,1909f56bfc062723c751e8b465ee728b)
Start importing Assets/OBJECTS/Snowman.prefab using Guid(c363fbacb9a5c3f4b9aee8ec3a116d32) Importer(815301076,1909f56bfc062723c751e8b465ee728b)  -> (artifact id: 'bc719e7e60fa4104a687f7c644db0817') in 0.012093 seconds
Number of updated asset objects reloaded before import = 0
Number of asset objects unloaded after import = 34
========================================================================
Received Import Request.
  Time since last request: 9.914485 seconds.
  path: Assets/OBJECTS/Tree.prefab
  artifactKey: Guid(47fa344e4f8580e459e709a15b1c15bb) Importer(815301076,1909f56bfc062723c751e8b465ee728b)
Start importing Assets/OBJECTS/Tree.prefab using Guid(47fa344e4f8580e459e709a15b1c15bb) Importer(815301076,1909f56bfc062723c751e8b465ee728b)  -> (artifact id: 'c6fc333f555a064da0f60b9f974b25d2') in 0.005965 seconds
Number of updated asset objects reloaded before import = 0
Number of asset objects unloaded after import = 14
========================================================================
Received Import Request.
  Time since last request: 0.000017 seconds.
  path: Assets/OBJECTS/Tree Large.prefab
  artifactKey: Guid(542ef0fc1195f2e459b8b354e121f045) Importer(815301076,1909f56bfc062723c751e8b465ee728b)
Start importing Assets/OBJECTS/Tree Large.prefab using Guid(542ef0fc1195f2e459b8b354e121f045) Importer(815301076,1909f56bfc062723c751e8b465ee728b)  -> (artifact id: '87fceef8c706100cba16b14e906b8976') in 0.005847 seconds
Number of updated asset objects reloaded before import = 0
Number of asset objects unloaded after import = 14
========================================================================
Received Import Request.
  Time since last request: 1.525191 seconds.
  path: Assets/OBJECTS/Tree.prefab
  artifactKey: Guid(47fa344e4f8580e459e709a15b1c15bb) Importer(815301076,1909f56bfc062723c751e8b465ee728b)
Start importing Assets/OBJECTS/Tree.prefab using Guid(47fa344e4f8580e459e709a15b1c15bb) Importer(815301076,1909f56bfc062723c751e8b465ee728b)  -> (artifact id: 'cc61869f64a994516b76831d43ecf7c0') in 0.005959 seconds
Number of updated asset objects reloaded before import = 0
Number of asset objects unloaded after import = 14
========================================================================
Received Import Request.
  Time since last request: 0.000016 seconds.
  path: Assets/OBJECTS/Tree Large.prefab
  artifactKey: Guid(542ef0fc1195f2e459b8b354e121f045) Importer(815301076,1909f56bfc062723c751e8b465ee728b)
Start importing Assets/OBJECTS/Tree Large.prefab using Guid(542ef0fc1195f2e459b8b354e121f045) Importer(815301076,1909f56bfc062723c751e8b465ee728b)  -> (artifact id: '777364f7579b75eee1f8e95b1c8db0ca') in 0.006601 seconds
Number of updated asset objects reloaded before import = 0
Number of asset objects unloaded after import = 14
========================================================================
Received Import Request.
  Time since last request: 41.790864 seconds.
  path: Assets/OBJECTS/Dirt Patch Large.prefab
  artifactKey: Guid(c1770e42640ee434dae7b40f5dbcf8a5) Importer(815301076,1909f56bfc062723c751e8b465ee728b)
Start importing Assets/OBJECTS/Dirt Patch Large.prefab using Guid(c1770e42640ee434dae7b40f5dbcf8a5) Importer(815301076,1909f56bfc062723c751e8b465ee728b)  -> (artifact id: '8df630b123828bdf9c696d5821b4258d') in 0.006082 seconds
Number of updated asset objects reloaded before import = 0
Number of asset objects unloaded after import = 13
========================================================================
Received Import Request.
  Time since last request: 302.430277 seconds.
  path: Assets/OBJECTS/Rock Large.prefab
  artifactKey: Guid(94c8facaed800da4c98a50be83be2e8f) Importer(815301076,1909f56bfc062723c751e8b465ee728b)
Start importing Assets/OBJECTS/Rock Large.prefab using Guid(94c8facaed800da4c98a50be83be2e8f) Importer(815301076,1909f56bfc062723c751e8b465ee728b)  -> (artifact id: 'b12cac4d014a4a275f6de87112d7bbf1') in 0.014028 seconds
Number of updated asset objects reloaded before import = 0
Number of asset objects unloaded after import = 14
========================================================================
Received Import Request.
  Time since last request: 0.001765 seconds.
  path: Assets/OBJECTS/Snowman.prefab
  artifactKey: Guid(c363fbacb9a5c3f4b9aee8ec3a116d32) Importer(815301076,1909f56bfc062723c751e8b465ee728b)
Start importing Assets/OBJECTS/Snowman.prefab using Guid(c363fbacb9a5c3f4b9aee8ec3a116d32) Importer(815301076,1909f56bfc062723c751e8b465ee728b)  -> (artifact id: '8452bb12f78dbe945c1cb6c581d844f3') in 0.011899 seconds
Number of updated asset objects reloaded before import = 0
Number of asset objects unloaded after import = 14
========================================================================
Received Import Request.
  Time since last request: 0.000026 seconds.
  path: Assets/OBJECTS/Tree Large.prefab
  artifactKey: Guid(542ef0fc1195f2e459b8b354e121f045) Importer(815301076,1909f56bfc062723c751e8b465ee728b)
Start importing Assets/OBJECTS/Tree Large.prefab using Guid(542ef0fc1195f2e459b8b354e121f045) Importer(815301076,1909f56bfc062723c751e8b465ee728b)  -> (artifact id: '0ef8f7b1b33e6939a3c0056aca909c4d') in 0.012326 seconds
Number of updated asset objects reloaded before import = 0
Number of asset objects unloaded after import = 14
========================================================================
Received Import Request.
  Time since last request: 0.000018 seconds.
  path: Assets/OBJECTS/Tree Small.prefab
  artifactKey: Guid(dd70e81891e17d54c8d05827d1db3bd1) Importer(815301076,1909f56bfc062723c751e8b465ee728b)
Start importing Assets/OBJECTS/Tree Small.prefab using Guid(dd70e81891e17d54c8d05827d1db3bd1) Importer(815301076,1909f56bfc062723c751e8b465ee728b)  -> (artifact id: '584b8a9d02a174ec51d2deed209de45a') in 0.010807 seconds
Number of updated asset objects reloaded before import = 0
Number of asset objects unloaded after import = 14
========================================================================
Received Import Request.
  Time since last request: 0.000040 seconds.
  path: Assets/OBJECTS/Tree.prefab
  artifactKey: Guid(47fa344e4f8580e459e709a15b1c15bb) Importer(815301076,1909f56bfc062723c751e8b465ee728b)
Start importing Assets/OBJECTS/Tree.prefab using Guid(47fa344e4f8580e459e709a15b1c15bb) Importer(815301076,1909f56bfc062723c751e8b465ee728b)  -> (artifact id: '9898a749aeabfc5911ebc8bc321d81be') in 0.012044 seconds
Number of updated asset objects reloaded before import = 0
Number of asset objects unloaded after import = 14
Editor requested this worker to shutdown with reason: Scaling down because of idle timeout
TcpMessagingSession - receive error: operation aborted. errorcode: 995, details: The I/O operation has been aborted because of either a thread exit or an application request.
AssetImportWorker is now disconnected from the server
Process exiting
Exiting without the bug reporter. Application will terminate with return code 0