Using pre-set license
Built from '2022.3/staging' branch; Version is '2022.3.11f1 (d00248457e15) revision 13632072'; Using compiler version '192829333'; Build Type 'Release'
OS: 'Windows 10  (10.0.19045) 64bit Professional' Language: 'en' Physical Memory: 16281 MB
BatchMode: 1, IsHumanControllingUs: 0, StartBugReporterOnCrash: 0, Is64bit: 1, IsPro: 1

COMMAND LINE ARGUMENTS:
C:\Program Files\Unity\Hub\Editor\2022.3.11f1\Editor\Unity.exe
-adb2
-batchMode
-noUpm
-name
AssetImportWorker13
-projectPath
C:/Users/Jayden/OneDrive/Documents/Torrens/2024/Tri 2/RGP204/A2 - Helicopter/helicopter123
-logFile
Logs/AssetImportWorker13.log
-srvPort
55411
Successfully changed project path to: C:/Users/Jayden/OneDrive/Documents/Torrens/2024/Tri 2/RGP204/A2 - Helicopter/helicopter123
C:/Users/Jayden/OneDrive/Documents/Torrens/2024/Tri 2/RGP204/A2 - Helicopter/helicopter123
[UnityMemory] Configuration Parameters - Can be set up in boot.config
    "memorysetup-bucket-allocator-granularity=16"
    "memorysetup-bucket-allocator-bucket-count=8"
    "memorysetup-bucket-allocator-block-size=33554432"
    "memorysetup-bucket-allocator-block-count=8"
    "memorysetup-main-allocator-block-size=16777216"
    "memorysetup-thread-allocator-block-size=16777216"
    "memorysetup-gfx-main-allocator-block-size=16777216"
    "memorysetup-gfx-thread-allocator-block-size=16777216"
    "memorysetup-cache-allocator-block-size=4194304"
    "memorysetup-typetree-allocator-block-size=2097152"
    "memorysetup-profiler-bucket-allocator-granularity=16"
    "memorysetup-profiler-bucket-allocator-bucket-count=8"
    "memorysetup-profiler-bucket-allocator-block-size=33554432"
    "memorysetup-profiler-bucket-allocator-block-count=8"
    "memorysetup-profiler-allocator-block-size=16777216"
    "memorysetup-profiler-editor-allocator-block-size=1048576"
    "memorysetup-temp-allocator-size-main=16777216"
    "memorysetup-job-temp-allocator-block-size=2097152"
    "memorysetup-job-temp-allocator-block-size-background=1048576"
    "memorysetup-job-temp-allocator-reduction-small-platforms=262144"
    "memorysetup-allocator-temp-initial-block-size-main=262144"
    "memorysetup-allocator-temp-initial-block-size-worker=262144"
    "memorysetup-temp-allocator-size-background-worker=32768"
    "memorysetup-temp-allocator-size-job-worker=262144"
    "memorysetup-temp-allocator-size-preload-manager=33554432"
    "memorysetup-temp-allocator-size-nav-mesh-worker=65536"
    "memorysetup-temp-allocator-size-audio-worker=65536"
    "memorysetup-temp-allocator-size-cloud-worker=32768"
    "memorysetup-temp-allocator-size-gi-baking-worker=262144"
    "memorysetup-temp-allocator-size-gfx=262144"
Player connection [12184] Host "[IP] 10.1.1.26 [Port] 0 [Flags] 2 [Guid] 3178907765 [EditorId] 3178907765 [Version] 1048832 [Id] WindowsEditor(7,DESKTOP-3RRUC8I) [Debug] 1 [PackageName] WindowsEditor [ProjectName] Editor" joined multi-casting on [225.0.0.222:54997]...

Player connection [12184] Host "[IP] 10.1.1.26 [Port] 0 [Flags] 2 [Guid] 3178907765 [EditorId] 3178907765 [Version] 1048832 [Id] WindowsEditor(7,DESKTOP-3RRUC8I) [Debug] 1 [PackageName] WindowsEditor [ProjectName] Editor" joined alternative multi-casting on [225.0.0.222:34997]...

[Physics::Module] Initialized MultithreadedJobDispatcher with 15 workers.
Refreshing native plugins compatible for Editor in 14.07 ms, found 4 plugins.
Preloading 0 native plugins for Editor in 0.00 ms.
Initialize engine version: 2022.3.11f1 (d00248457e15)
[Subsystems] Discovering subsystems at path C:/Program Files/Unity/Hub/Editor/2022.3.11f1/Editor/Data/Resources/UnitySubsystems
[Subsystems] Discovering subsystems at path C:/Users/Jayden/OneDrive/Documents/Torrens/2024/Tri 2/RGP204/A2 - Helicopter/helicopter123/Assets
GfxDevice: creating device client; threaded=0; jobified=0
Direct3D:
    Version:  Direct3D 11.0 [level 11.1]
    Renderer: NVIDIA GeForce GTX 1080 Ti (ID=0x1b06)
    Vendor:   NVIDIA
    VRAM:     11120 MB
    Driver:   31.0.15.3623
Initialize mono
Mono path[0] = 'C:/Program Files/Unity/Hub/Editor/2022.3.11f1/Editor/Data/Managed'
Mono path[1] = 'C:/Program Files/Unity/Hub/Editor/2022.3.11f1/Editor/Data/MonoBleedingEdge/lib/mono/unityjit-win32'
Mono config path = 'C:/Program Files/Unity/Hub/Editor/2022.3.11f1/Editor/Data/MonoBleedingEdge/etc'
Using monoOptions --debugger-agent=transport=dt_socket,embedding=1,server=y,suspend=n,address=127.0.0.1:56580
Begin MonoManager ReloadAssembly
Registering precompiled unity dll's ...
Register platform support module: C:/Program Files/Unity/Hub/Editor/2022.3.11f1/Editor/Data/PlaybackEngines/WindowsStandaloneSupport/UnityEditor.WindowsStandalone.Extensions.dll
Registered in 0.008860 seconds.
- Loaded All Assemblies, in  0.326 seconds
Native extension for WindowsStandalone target not found
Mono: successfully reloaded assembly
- Finished resetting the current domain, in  0.229 seconds
Domain Reload Profiling: 553ms
	BeginReloadAssembly (99ms)
		ExecutionOrderSort (0ms)
		DisableScriptedObjects (0ms)
		BackupInstance (0ms)
		ReleaseScriptingObjects (0ms)
		CreateAndSetChildDomain (1ms)
	RebuildCommonClasses (30ms)
	RebuildNativeTypeToScriptingClass (10ms)
	initialDomainReloadingComplete (55ms)
	LoadAllAssembliesAndSetupDomain (129ms)
		LoadAssemblies (97ms)
		RebuildTransferFunctionScriptingTraits (0ms)
		AnalyzeDomain (127ms)
			TypeCache.Refresh (126ms)
				TypeCache.ScanAssembly (114ms)
			ScanForSourceGeneratedMonoScriptInfo (0ms)
			ResolveRequiredComponents (0ms)
	FinalizeReload (229ms)
		ReleaseScriptCaches (0ms)
		RebuildScriptCaches (0ms)
		SetupLoadedEditorAssemblies (176ms)
			LogAssemblyErrors (0ms)
			InitializePlatformSupportModulesInManaged (9ms)
			SetLoadedEditorAssemblies (6ms)
			RefreshPlugins (0ms)
			BeforeProcessingInitializeOnLoad (2ms)
			ProcessInitializeOnLoadAttributes (116ms)
			ProcessInitializeOnLoadMethodAttributes (43ms)
			AfterProcessingInitializeOnLoad (0ms)
			EditorAssembliesLoaded (0ms)
		ExecutionOrderSort2 (0ms)
		AwakeInstancesAfterBackupRestoration (0ms)
========================================================================
Worker process is ready to serve import requests
Begin MonoManager ReloadAssembly
- Loaded All Assemblies, in  0.674 seconds
Refreshing native plugins compatible for Editor in 7.27 ms, found 4 plugins.
Native extension for WindowsStandalone target not found
Package Manager log level set to [2]
[Package Manager] Server::EnsureServerProcessIsRunning -- launch failed, reason: Unity was launched with the -noUpm command-line argument
[Package Manager] UpmClient::Send -- Unable to send message (not connected to UPM process).
[Package Manager] Cannot connect to Unity Package Manager local server
Mono: successfully reloaded assembly
- Finished resetting the current domain, in  0.680 seconds
Domain Reload Profiling: 1349ms
	BeginReloadAssembly (135ms)
		ExecutionOrderSort (0ms)
		DisableScriptedObjects (5ms)
		BackupInstance (0ms)
		ReleaseScriptingObjects (0ms)
		CreateAndSetChildDomain (18ms)
	RebuildCommonClasses (30ms)
	RebuildNativeTypeToScriptingClass (9ms)
	initialDomainReloadingComplete (39ms)
	LoadAllAssembliesAndSetupDomain (456ms)
		LoadAssemblies (320ms)
		RebuildTransferFunctionScriptingTraits (0ms)
		AnalyzeDomain (217ms)
			TypeCache.Refresh (176ms)
				TypeCache.ScanAssembly (159ms)
			ScanForSourceGeneratedMonoScriptInfo (30ms)
			ResolveRequiredComponents (10ms)
	FinalizeReload (680ms)
		ReleaseScriptCaches (0ms)
		RebuildScriptCaches (0ms)
		SetupLoadedEditorAssemblies (528ms)
			LogAssemblyErrors (0ms)
			InitializePlatformSupportModulesInManaged (6ms)
			SetLoadedEditorAssemblies (5ms)
			RefreshPlugins (0ms)
			BeforeProcessingInitializeOnLoad (87ms)
			ProcessInitializeOnLoadAttributes (349ms)
			ProcessInitializeOnLoadMethodAttributes (73ms)
			AfterProcessingInitializeOnLoad (9ms)
			EditorAssembliesLoaded (0ms)
		ExecutionOrderSort2 (0ms)
		AwakeInstancesAfterBackupRestoration (5ms)
Launched and connected shader compiler UnityShaderCompiler.exe after 0.03 seconds
Refreshing native plugins compatible for Editor in 5.27 ms, found 4 plugins.
Preloading 0 native plugins for Editor in 0.00 ms.
Unloading 6066 Unused Serialized files (Serialized files now loaded: 0)
Unloading 91 unused Assets / (322.9 KB). Loaded Objects now: 6533.
Memory consumption went from 231.3 MB to 231.0 MB.
Total: 4.106200 ms (FindLiveObjects: 0.520900 ms CreateObjectMapping: 0.635500 ms MarkObjects: 2.768200 ms  DeleteObjects: 0.180600 ms)

AssetImportParameters requested are different than current active one (requested -> active):
  custom:container-demuxer-ogg: 62fdf1f143b41e24485cea50d1cbac27 -> 
  custom:video-decoder-ogg-theora: a1e56fd34408186e4bbccfd4996cb3dc -> 
  custom:framework-win-MediaFoundation: 216162199b28c13a410421893ffa2e32 -> 
  custom:CustomObjectIndexerAttribute: a3ef5dd2817f97addfee359851a9dba5 -> 
  custom:container-demuxer-webm: 4f35f7cbe854078d1ac9338744f61a02 -> 
  custom:container-muxer-webm: aa71ff27fc2769a1b78a27578f13a17b -> 
  custom:video-decoder-webm-vp8: 9c59270c3fd7afecdb556c50c9e8de78 -> 
  custom:SearchIndexIgnoredProperties: e643bd26f0fe6173181afceb89e7c659 -> 
  custom:AudioImporter_EditorPlatform: d09bf68614088b80899f8185d706f6e7 -> 
  custom:video-encoder-webm-vp8: eb34c28f22e8b96e1ab97ce403110664 -> 
  custom:audio-decoder-ogg-vorbis: bf7c407c2cedff20999df2af8eb42d56 -> 
  custom:audio-encoder-webm-vorbis: bf7c407c2cedff20999df2af8eb42d56 -> 
  custom:scripting/monoscript/fileName/FuelSpawning.cs: 80664c0358a220083fb0e270caf4edaf -> 
========================================================================
Received Import Request.
  Time since last request: 416468.697160 seconds.
  path: Assets/OBJECTS/Snow Patch.prefab
  artifactKey: Guid(3612684496cb88245bf3950654a0f633) Importer(815301076,1909f56bfc062723c751e8b465ee728b)
Start importing Assets/OBJECTS/Snow Patch.prefab using Guid(3612684496cb88245bf3950654a0f633) Importer(815301076,1909f56bfc062723c751e8b465ee728b)  -> (artifact id: 'a32fb2c371d3fd43a767b73d839036da') in 0.227787 seconds
Number of updated asset objects reloaded before import = 0
Number of asset objects unloaded after import = 13
========================================================================
Received Import Request.
  Time since last request: 78.569859 seconds.
  path: Assets/OBJECTS/Snowball Player.prefab
  artifactKey: Guid(a935540946eff564198bf9b59c275e8c) Importer(815301076,1909f56bfc062723c751e8b465ee728b)
Start importing Assets/OBJECTS/Snowball Player.prefab using Guid(a935540946eff564198bf9b59c275e8c) Importer(815301076,1909f56bfc062723c751e8b465ee728b)  -> (artifact id: 'bf55212dc1e6825da57a4811c8c34e44') in 0.018659 seconds
Number of updated asset objects reloaded before import = 0
Number of asset objects unloaded after import = 28
========================================================================
Received Import Request.
  Time since last request: 62.155455 seconds.
  path: Assets/OBJECTS/Snowman.prefab
  artifactKey: Guid(c363fbacb9a5c3f4b9aee8ec3a116d32) Importer(815301076,1909f56bfc062723c751e8b465ee728b)
Start importing Assets/OBJECTS/Snowman.prefab using Guid(c363fbacb9a5c3f4b9aee8ec3a116d32) Importer(815301076,1909f56bfc062723c751e8b465ee728b)  -> (artifact id: 'a49487ec4547f033422fd75b15dfd2e5') in 0.006804 seconds
Number of updated asset objects reloaded before import = 0
Number of asset objects unloaded after import = 14
========================================================================
Received Import Request.
  Time since last request: 8.710471 seconds.
  path: Assets/OBJECTS/Snow Pile.prefab
  artifactKey: Guid(e2e32aa2dcd151c409984b3f0890c8d0) Importer(815301076,1909f56bfc062723c751e8b465ee728b)
Start importing Assets/OBJECTS/Snow Pile.prefab using Guid(e2e32aa2dcd151c409984b3f0890c8d0) Importer(815301076,1909f56bfc062723c751e8b465ee728b)  -> (artifact id: '069955835ef28113c223b9a7ebe46067') in 0.012688 seconds
Number of updated asset objects reloaded before import = 0
Number of asset objects unloaded after import = 14
========================================================================
Received Import Request.
  Time since last request: 2.910947 seconds.
  path: Assets/OBJECTS/Snow Pile.prefab
  artifactKey: Guid(e2e32aa2dcd151c409984b3f0890c8d0) Importer(815301076,1909f56bfc062723c751e8b465ee728b)
Start importing Assets/OBJECTS/Snow Pile.prefab using Guid(e2e32aa2dcd151c409984b3f0890c8d0) Importer(815301076,1909f56bfc062723c751e8b465ee728b)  -> (artifact id: 'f1be9de74638cdd6297616ad4df97f11') in 0.006417 seconds
Number of updated asset objects reloaded before import = 0
Number of asset objects unloaded after import = 14
========================================================================
Received Import Request.
  Time since last request: 0.694108 seconds.
  path: Assets/OBJECTS/Snow Pile.prefab
  artifactKey: Guid(e2e32aa2dcd151c409984b3f0890c8d0) Importer(815301076,1909f56bfc062723c751e8b465ee728b)
Start importing Assets/OBJECTS/Snow Pile.prefab using Guid(e2e32aa2dcd151c409984b3f0890c8d0) Importer(815301076,1909f56bfc062723c751e8b465ee728b)  -> (artifact id: '5195086f46c6cfe0f74937d24423b41c') in 0.006628 seconds
Number of updated asset objects reloaded before import = 0
Number of asset objects unloaded after import = 14
========================================================================
Received Import Request.
  Time since last request: 4.928906 seconds.
  path: Assets/OBJECTS/Snow Pile.prefab
  artifactKey: Guid(e2e32aa2dcd151c409984b3f0890c8d0) Importer(815301076,1909f56bfc062723c751e8b465ee728b)
Start importing Assets/OBJECTS/Snow Pile.prefab using Guid(e2e32aa2dcd151c409984b3f0890c8d0) Importer(815301076,1909f56bfc062723c751e8b465ee728b)  -> (artifact id: 'f0fa5536e3f4faa264f1399e8089bd10') in 0.006156 seconds
Number of updated asset objects reloaded before import = 0
Number of asset objects unloaded after import = 14
========================================================================
Received Import Request.
  Time since last request: 11.189319 seconds.
  path: Assets/OBJECTS/Rock.prefab
  artifactKey: Guid(4802f7d01aa15ef40a1517873386e595) Importer(815301076,1909f56bfc062723c751e8b465ee728b)
Start importing Assets/OBJECTS/Rock.prefab using Guid(4802f7d01aa15ef40a1517873386e595) Importer(815301076,1909f56bfc062723c751e8b465ee728b)  -> (artifact id: 'd82d3d3d7458fdb76b400f8c92d8a8ee') in 0.006065 seconds
Number of updated asset objects reloaded before import = 0
Number of asset objects unloaded after import = 14
========================================================================
Received Import Request.
  Time since last request: 2.923465 seconds.
  path: Assets/OBJECTS/Rock.prefab
  artifactKey: Guid(4802f7d01aa15ef40a1517873386e595) Importer(815301076,1909f56bfc062723c751e8b465ee728b)
Start importing Assets/OBJECTS/Rock.prefab using Guid(4802f7d01aa15ef40a1517873386e595) Importer(815301076,1909f56bfc062723c751e8b465ee728b)  -> (artifact id: '756935995be2e2a19c1c90422763dcc0') in 0.006184 seconds
Number of updated asset objects reloaded before import = 0
Number of asset objects unloaded after import = 14
========================================================================
Received Import Request.
  Time since last request: 11.438148 seconds.
  path: Assets/OBJECTS/Snowman.prefab
  artifactKey: Guid(c363fbacb9a5c3f4b9aee8ec3a116d32) Importer(815301076,1909f56bfc062723c751e8b465ee728b)
Start importing Assets/OBJECTS/Snowman.prefab using Guid(c363fbacb9a5c3f4b9aee8ec3a116d32) Importer(815301076,1909f56bfc062723c751e8b465ee728b)  -> (artifact id: 'd798d0bb38a104358645a1563fb21369') in 0.011963 seconds
Number of updated asset objects reloaded before import = 0
Number of asset objects unloaded after import = 34
========================================================================
Received Import Request.
  Time since last request: 2.842304 seconds.
  path: Assets/OBJECTS/Dirt Patch.prefab
  artifactKey: Guid(99fa5e2291e08ce4d80b304a8856f98a) Importer(815301076,1909f56bfc062723c751e8b465ee728b)
Start importing Assets/OBJECTS/Dirt Patch.prefab using Guid(99fa5e2291e08ce4d80b304a8856f98a) Importer(815301076,1909f56bfc062723c751e8b465ee728b)  -> (artifact id: '993493bfd13f2f71d983deda90e1e820') in 0.006247 seconds
Number of updated asset objects reloaded before import = 0
Number of asset objects unloaded after import = 13
========================================================================
Received Import Request.
  Time since last request: 0.000018 seconds.
  path: Assets/OBJECTS/Dirt Patch Small.prefab
  artifactKey: Guid(967d85ebca3e12c4999b1efbf5989e76) Importer(815301076,1909f56bfc062723c751e8b465ee728b)
Start importing Assets/OBJECTS/Dirt Patch Small.prefab using Guid(967d85ebca3e12c4999b1efbf5989e76) Importer(815301076,1909f56bfc062723c751e8b465ee728b)  -> (artifact id: '2b9626dbbcfcce6c2338a2aa4b22d971') in 0.006293 seconds
Number of updated asset objects reloaded before import = 0
Number of asset objects unloaded after import = 13
========================================================================
Received Import Request.
  Time since last request: 0.500764 seconds.
  path: Assets/OBJECTS/Dirt Patch.prefab
  artifactKey: Guid(99fa5e2291e08ce4d80b304a8856f98a) Importer(815301076,1909f56bfc062723c751e8b465ee728b)
Start importing Assets/OBJECTS/Dirt Patch.prefab using Guid(99fa5e2291e08ce4d80b304a8856f98a) Importer(815301076,1909f56bfc062723c751e8b465ee728b)  -> (artifact id: '7b80150910d4fd626f1e72ba48045c23') in 0.006471 seconds
Number of updated asset objects reloaded before import = 0
Number of asset objects unloaded after import = 13
========================================================================
Received Import Request.
  Time since last request: 0.000016 seconds.
  path: Assets/OBJECTS/Snowman.prefab
  artifactKey: Guid(c363fbacb9a5c3f4b9aee8ec3a116d32) Importer(815301076,1909f56bfc062723c751e8b465ee728b)
Start importing Assets/OBJECTS/Snowman.prefab using Guid(c363fbacb9a5c3f4b9aee8ec3a116d32) Importer(815301076,1909f56bfc062723c751e8b465ee728b)  -> (artifact id: 'f4f3b6d2f3aa6689085e82b7a36dc1f5') in 0.006803 seconds
Number of updated asset objects reloaded before import = 0
Number of asset objects unloaded after import = 34
========================================================================
Received Import Request.
  Time since last request: 1.707668 seconds.
  path: Assets/OBJECTS/Dirt Patch.prefab
  artifactKey: Guid(99fa5e2291e08ce4d80b304a8856f98a) Importer(815301076,1909f56bfc062723c751e8b465ee728b)
Start importing Assets/OBJECTS/Dirt Patch.prefab using Guid(99fa5e2291e08ce4d80b304a8856f98a) Importer(815301076,1909f56bfc062723c751e8b465ee728b)  -> (artifact id: '0b847aded3780d51ea847286f7f5f09b') in 0.006098 seconds
Number of updated asset objects reloaded before import = 0
Number of asset objects unloaded after import = 13
========================================================================
Received Import Request.
  Time since last request: 0.000016 seconds.
  path: Assets/OBJECTS/Dirt Patch Small.prefab
  artifactKey: Guid(967d85ebca3e12c4999b1efbf5989e76) Importer(815301076,1909f56bfc062723c751e8b465ee728b)
Start importing Assets/OBJECTS/Dirt Patch Small.prefab using Guid(967d85ebca3e12c4999b1efbf5989e76) Importer(815301076,1909f56bfc062723c751e8b465ee728b)  -> (artifact id: 'b88fcdaca1b03e1d65acb8aabf13b4ba') in 0.006241 seconds
Number of updated asset objects reloaded before import = 0
Number of asset objects unloaded after import = 13
========================================================================
Received Import Request.
  Time since last request: 9.919802 seconds.
  path: Assets/OBJECTS/squirrel.prefab
  artifactKey: Guid(0f186d00127603a42a7370df7c0cf935) Importer(815301076,1909f56bfc062723c751e8b465ee728b)
Start importing Assets/OBJECTS/squirrel.prefab using Guid(0f186d00127603a42a7370df7c0cf935) Importer(815301076,1909f56bfc062723c751e8b465ee728b)  -> (artifact id: '409a23771f40368c57c647bf2ba0bf13') in 0.006632 seconds
Number of updated asset objects reloaded before import = 0
Number of asset objects unloaded after import = 13
========================================================================
Received Import Request.
  Time since last request: 0.000014 seconds.
  path: Assets/OBJECTS/Tree Small.prefab
  artifactKey: Guid(dd70e81891e17d54c8d05827d1db3bd1) Importer(815301076,1909f56bfc062723c751e8b465ee728b)
Start importing Assets/OBJECTS/Tree Small.prefab using Guid(dd70e81891e17d54c8d05827d1db3bd1) Importer(815301076,1909f56bfc062723c751e8b465ee728b)  -> (artifact id: 'db1e2cc96c9689b413621a1cff6dc6f2') in 0.006470 seconds
Number of updated asset objects reloaded before import = 0
Number of asset objects unloaded after import = 14
========================================================================
Received Import Request.
  Time since last request: 1.521689 seconds.
  path: Assets/OBJECTS/squirrel.prefab
  artifactKey: Guid(0f186d00127603a42a7370df7c0cf935) Importer(815301076,1909f56bfc062723c751e8b465ee728b)
Start importing Assets/OBJECTS/squirrel.prefab using Guid(0f186d00127603a42a7370df7c0cf935) Importer(815301076,1909f56bfc062723c751e8b465ee728b)  -> (artifact id: '5e75170158e8a559f5efad590c0c9129') in 0.006114 seconds
Number of updated asset objects reloaded before import = 0
Number of asset objects unloaded after import = 13
========================================================================
Received Import Request.
  Time since last request: 0.000014 seconds.
  path: Assets/OBJECTS/Tree Small.prefab
  artifactKey: Guid(dd70e81891e17d54c8d05827d1db3bd1) Importer(815301076,1909f56bfc062723c751e8b465ee728b)
Start importing Assets/OBJECTS/Tree Small.prefab using Guid(dd70e81891e17d54c8d05827d1db3bd1) Importer(815301076,1909f56bfc062723c751e8b465ee728b)  -> (artifact id: 'cc13c7c9fef8cd982bc1db434ab6d4b7') in 0.006600 seconds
Number of updated asset objects reloaded before import = 0
Number of asset objects unloaded after import = 14
========================================================================
Received Import Request.
  Time since last request: 41.790742 seconds.
  path: Assets/OBJECTS/Dirt Patch.prefab
  artifactKey: Guid(99fa5e2291e08ce4d80b304a8856f98a) Importer(815301076,1909f56bfc062723c751e8b465ee728b)
Start importing Assets/OBJECTS/Dirt Patch.prefab using Guid(99fa5e2291e08ce4d80b304a8856f98a) Importer(815301076,1909f56bfc062723c751e8b465ee728b)  -> (artifact id: '4625ea2da728723cc144eaa1c6cb147a') in 0.006156 seconds
Number of updated asset objects reloaded before import = 0
Number of asset objects unloaded after import = 13
========================================================================
Received Import Request.
  Time since last request: 0.000017 seconds.
  path: Assets/OBJECTS/Dirt Patch Small.prefab
  artifactKey: Guid(967d85ebca3e12c4999b1efbf5989e76) Importer(815301076,1909f56bfc062723c751e8b465ee728b)
Start importing Assets/OBJECTS/Dirt Patch Small.prefab using Guid(967d85ebca3e12c4999b1efbf5989e76) Importer(815301076,1909f56bfc062723c751e8b465ee728b)  -> (artifact id: '235c21453b9a1fc56600660b92136dbb') in 0.005739 seconds
Number of updated asset objects reloaded before import = 0
Number of asset objects unloaded after import = 13
========================================================================
Received Import Request.
  Time since last request: 213.617257 seconds.
  path: Assets/sprites/Snowball.png
  artifactKey: Guid(b16aa5556af3916439fd9471d6951eb1) Importer(815301076,1909f56bfc062723c751e8b465ee728b)
Start importing Assets/sprites/Snowball.png using Guid(b16aa5556af3916439fd9471d6951eb1) Importer(815301076,1909f56bfc062723c751e8b465ee728b)  -> (artifact id: '15d529c5c9eab2f33b01db0d52482c5d') in 0.034159 seconds
Number of updated asset objects reloaded before import = 0
Number of asset objects unloaded after import = 5
========================================================================
Received Import Request.
  Time since last request: 70.650018 seconds.
  path: Assets/OBJECTS/Snowball Player.prefab
  artifactKey: Guid(a935540946eff564198bf9b59c275e8c) Importer(815301076,1909f56bfc062723c751e8b465ee728b)
Start importing Assets/OBJECTS/Snowball Player.prefab using Guid(a935540946eff564198bf9b59c275e8c) Importer(815301076,1909f56bfc062723c751e8b465ee728b)  -> (artifact id: 'a9f0aea37c97c2c433a5d6901fdfb0e3') in 0.012632 seconds
Number of updated asset objects reloaded before import = 0
Number of asset objects unloaded after import = 28
========================================================================
Received Import Request.
  Time since last request: 18.084585 seconds.
  path: Assets/OBJECTS/Rock.prefab
  artifactKey: Guid(4802f7d01aa15ef40a1517873386e595) Importer(815301076,1909f56bfc062723c751e8b465ee728b)
Start importing Assets/OBJECTS/Rock.prefab using Guid(4802f7d01aa15ef40a1517873386e595) Importer(815301076,1909f56bfc062723c751e8b465ee728b)  -> (artifact id: 'b4bb80c36865e45c086ba594802b7110') in 0.014049 seconds
Number of updated asset objects reloaded before import = 0
Number of asset objects unloaded after import = 14
========================================================================
Received Import Request.
  Time since last request: 0.001881 seconds.
  path: Assets/OBJECTS/Snow Pile Small.prefab
  artifactKey: Guid(7f4ef89a5afc483458feba9693eb6e37) Importer(815301076,1909f56bfc062723c751e8b465ee728b)
Start importing Assets/OBJECTS/Snow Pile Small.prefab using Guid(7f4ef89a5afc483458feba9693eb6e37) Importer(815301076,1909f56bfc062723c751e8b465ee728b)  -> (artifact id: '6d7977489f67c4b443e631da77a4df54') in 0.011593 seconds
Number of updated asset objects reloaded before import = 0
Number of asset objects unloaded after import = 14
========================================================================
Received Import Request.
  Time since last request: 0.000037 seconds.
  path: Assets/OBJECTS/Snow Pile.prefab
  artifactKey: Guid(e2e32aa2dcd151c409984b3f0890c8d0) Importer(815301076,1909f56bfc062723c751e8b465ee728b)
Start importing Assets/OBJECTS/Snow Pile.prefab using Guid(e2e32aa2dcd151c409984b3f0890c8d0) Importer(815301076,1909f56bfc062723c751e8b465ee728b)  -> (artifact id: 'f5e3568542cf3493b0f9a9e7abc04f75') in 0.012681 seconds
Number of updated asset objects reloaded before import = 0
Number of asset objects unloaded after import = 14
========================================================================
Received Import Request.
  Time since last request: 0.000021 seconds.
  path: Assets/OBJECTS/squirrel.prefab
  artifactKey: Guid(0f186d00127603a42a7370df7c0cf935) Importer(815301076,1909f56bfc062723c751e8b465ee728b)
Start importing Assets/OBJECTS/squirrel.prefab using Guid(0f186d00127603a42a7370df7c0cf935) Importer(815301076,1909f56bfc062723c751e8b465ee728b)  -> (artifact id: 'b31d7cf9adbdd95d461d9c0a3425ba27') in 0.010807 seconds
Number of updated asset objects reloaded before import = 0
Number of asset objects unloaded after import = 13
Editor requested this worker to shutdown with reason: Scaling down because of idle timeout
TcpMessagingSession - receive error: operation aborted. errorcode: 995, details: The I/O operation has been aborted because of either a thread exit or an application request.
AssetImportWorker is now disconnected from the server
Process exiting
Exiting without the bug reporter. Application will terminate with return code 0